  [1m[36m (131.6ms)[0m  [1mCREATE TABLE "schema_migrations" ("version" varchar(255) NOT NULL) [0m
  [1m[35m (0.1ms)[0m  select sqlite_version(*)
  [1m[36m (109.0ms)[0m  [1mCREATE UNIQUE INDEX "unique_schema_migrations" ON "schema_migrations" ("version")[0m
  [1m[35mActiveRecord::SchemaMigration Load (0.2ms)[0m  SELECT "schema_migrations".* FROM "schema_migrations"
Migrating to DeviseCreateUsers (20140827140434)
  [1m[36m (0.1ms)[0m  [1mbegin transaction[0m
  [1m[35m (0.5ms)[0m  CREATE TABLE "users" ("id" INTEGER PRIMARY KEY AUTOINCREMENT NOT NULL, "email" varchar(255) DEFAULT '' NOT NULL, "encrypted_password" varchar(255) DEFAULT '' NOT NULL, "reset_password_token" varchar(255), "reset_password_sent_at" datetime, "remember_created_at" datetime, "sign_in_count" integer DEFAULT 0 NOT NULL, "current_sign_in_at" datetime, "last_sign_in_at" datetime, "current_sign_in_ip" varchar(255), "last_sign_in_ip" varchar(255), "created_at" datetime, "updated_at" datetime) 
  [1m[36m (0.3ms)[0m  [1mCREATE UNIQUE INDEX "index_users_on_email" ON "users" ("email")[0m
  [1m[35m (0.2ms)[0m              SELECT sql
            FROM sqlite_master
            WHERE name='index_users_on_email' AND type='index'
            UNION ALL
            SELECT sql
            FROM sqlite_temp_master
            WHERE name='index_users_on_email' AND type='index'

  [1m[36m (0.3ms)[0m  [1mCREATE UNIQUE INDEX "index_users_on_reset_password_token" ON "users" ("reset_password_token")[0m
  [1m[35mSQL (0.1ms)[0m  INSERT INTO "schema_migrations" ("version") VALUES (?)  [["version", "20140827140434"]]
  [1m[36m (109.7ms)[0m  [1mcommit transaction[0m
Migrating to AddNameToUsers (20140827140436)
  [1m[35m (0.1ms)[0m  begin transaction
  [1m[36m (0.5ms)[0m  [1mALTER TABLE "users" ADD "name" varchar(255)[0m
  [1m[35mSQL (0.2ms)[0m  INSERT INTO "schema_migrations" ("version") VALUES (?)  [["version", "20140827140436"]]
  [1m[36m (124.1ms)[0m  [1mcommit transaction[0m
  [1m[35mActiveRecord::SchemaMigration Load (0.1ms)[0m  SELECT "schema_migrations".* FROM "schema_migrations"
  [1m[36m (0.2ms)[0m  [1m            SELECT sql
            FROM sqlite_master
            WHERE name='index_users_on_reset_password_token' AND type='index'
            UNION ALL
            SELECT sql
            FROM sqlite_temp_master
            WHERE name='index_users_on_reset_password_token' AND type='index'
[0m
  [1m[35m (0.2ms)[0m              SELECT sql
            FROM sqlite_master
            WHERE name='index_users_on_email' AND type='index'
            UNION ALL
            SELECT sql
            FROM sqlite_temp_master
            WHERE name='index_users_on_email' AND type='index'

  [1m[36mActiveRecord::SchemaMigration Load (0.1ms)[0m  [1mSELECT "schema_migrations".* FROM "schema_migrations"[0m
  [1m[35mActiveRecord::SchemaMigration Load (0.1ms)[0m  SELECT "schema_migrations".* FROM "schema_migrations"
  [1m[36m (0.1ms)[0m  [1m            SELECT sql
            FROM sqlite_master
            WHERE name='index_users_on_reset_password_token' AND type='index'
            UNION ALL
            SELECT sql
            FROM sqlite_temp_master
            WHERE name='index_users_on_reset_password_token' AND type='index'
[0m
  [1m[35m (0.1ms)[0m              SELECT sql
            FROM sqlite_master
            WHERE name='index_users_on_email' AND type='index'
            UNION ALL
            SELECT sql
            FROM sqlite_temp_master
            WHERE name='index_users_on_email' AND type='index'

  [1m[36mActiveRecord::SchemaMigration Load (0.1ms)[0m  [1mSELECT "schema_migrations".* FROM "schema_migrations"[0m
  [1m[35mUser Load (0.1ms)[0m  SELECT  "users".* FROM "users"  WHERE "users"."email" = 'user@example.com' LIMIT 1
  [1m[36m (0.1ms)[0m  [1mbegin transaction[0m
  [1m[35mUser Exists (0.2ms)[0m  SELECT  1 AS one FROM "users"  WHERE "users"."email" = 'user@example.com' LIMIT 1
Binary data inserted for `string` type on column `encrypted_password`
  [1m[36mSQL (0.4ms)[0m  [1mINSERT INTO "users" ("created_at", "email", "encrypted_password", "updated_at") VALUES (?, ?, ?, ?)[0m  [["created_at", "2014-08-27 14:04:52.108724"], ["email", "user@example.com"], ["encrypted_password", "$2a$10$RQl/C32glMtMoqdUJYkdRO1e8XV6pRGoKUICfd7GAXBhiYG8gSDSa"], ["updated_at", "2014-08-27 14:04:52.108724"]]
  [1m[35m (136.6ms)[0m  commit transaction


Started GET "/" for 127.0.0.1 at 2014-08-27 17:05:38 +0300
  [1m[36mActiveRecord::SchemaMigration Load (0.1ms)[0m  [1mSELECT "schema_migrations".* FROM "schema_migrations"[0m
Processing by VisitorsController#index as HTML
  [1m[35m (0.1ms)[0m  SELECT COUNT(*) FROM "users"
  Rendered visitors/index.html.erb within layouts/application (3.8ms)
  Rendered layouts/_navigation_links.html.erb (5.9ms)
  Rendered layouts/_navigation.html.erb (7.1ms)
  Rendered layouts/_messages.html.erb (0.6ms)
Completed 200 OK in 4907ms (Views: 4894.3ms | ActiveRecord: 0.6ms)


Started GET "/" for 127.0.0.1 at 2014-08-27 17:05:50 +0300
Processing by VisitorsController#index as HTML
  [1m[36m (0.1ms)[0m  [1mSELECT COUNT(*) FROM "users"[0m
  Rendered visitors/index.html.erb within layouts/application (1.3ms)
  Rendered layouts/_navigation_links.html.erb (1.0ms)
  Rendered layouts/_navigation.html.erb (2.3ms)
  Rendered layouts/_messages.html.erb (0.5ms)
Completed 200 OK in 19ms (Views: 18.2ms | ActiveRecord: 0.1ms)


Started GET "/users" for 127.0.0.1 at 2014-08-27 17:05:51 +0300
Processing by UsersController#index as HTML
Completed 401 Unauthorized in 1ms


Started GET "/users/sign_in" for 127.0.0.1 at 2014-08-27 17:05:51 +0300
Processing by Devise::SessionsController#new as HTML
  Rendered devise/sessions/new.html.erb within layouts/application (53.4ms)
  Rendered layouts/_navigation_links.html.erb (0.4ms)
  Rendered layouts/_navigation.html.erb (1.1ms)
  Rendered layouts/_messages.html.erb (0.1ms)
Completed 200 OK in 83ms (Views: 70.2ms | ActiveRecord: 0.0ms)


Started POST "/users/sign_in" for 127.0.0.1 at 2014-08-27 17:05:57 +0300
Processing by Devise::SessionsController#create as HTML
  Parameters: {"utf8"=>"✓", "authenticity_token"=>"sLRuUak8NNcf6y+DVHgAL3Giilv/N9Puf7BTl6SH8ag=", "user"=>{"email"=>"asd@asd.com", "password"=>"[FILTERED]", "remember_me"=>"1"}, "commit"=>"Sign in"}
  [1m[35mUser Load (0.2ms)[0m  SELECT  "users".* FROM "users"  WHERE "users"."email" = 'asd@asd.com'  ORDER BY "users"."id" ASC LIMIT 1
Completed 401 Unauthorized in 6ms
Processing by Devise::SessionsController#new as HTML
  Parameters: {"utf8"=>"✓", "authenticity_token"=>"sLRuUak8NNcf6y+DVHgAL3Giilv/N9Puf7BTl6SH8ag=", "user"=>{"email"=>"asd@asd.com", "password"=>"[FILTERED]", "remember_me"=>"1"}, "commit"=>"Sign in"}
  Rendered devise/sessions/new.html.erb within layouts/application (4.3ms)
  Rendered layouts/_navigation_links.html.erb (0.3ms)
  Rendered layouts/_navigation.html.erb (1.1ms)
  Rendered layouts/_messages.html.erb (0.1ms)
Completed 200 OK in 116ms (Views: 26.6ms | ActiveRecord: 0.0ms)


Started GET "/users/sign_up" for 127.0.0.1 at 2014-08-27 17:05:59 +0300
Processing by Devise::RegistrationsController#new as HTML
  Rendered devise/registrations/new.html.erb within layouts/application (3.8ms)
  Rendered layouts/_navigation_links.html.erb (0.4ms)
  Rendered layouts/_navigation.html.erb (1.1ms)
  Rendered layouts/_messages.html.erb (0.1ms)
Completed 200 OK in 23ms (Views: 21.6ms | ActiveRecord: 0.0ms)


Started POST "/users" for 127.0.0.1 at 2014-08-27 17:06:06 +0300
Processing by Devise::RegistrationsController#create as HTML
  Parameters: {"utf8"=>"✓", "authenticity_token"=>"sLRuUak8NNcf6y+DVHgAL3Giilv/N9Puf7BTl6SH8ag=", "user"=>{"name"=>"asd", "email"=>"asd@asd.com", "password"=>"[FILTERED]", "password_confirmation"=>"[FILTERED]"}, "commit"=>"Sign up"}
  [1m[36m (0.1ms)[0m  [1mbegin transaction[0m
  [1m[35mUser Exists (0.2ms)[0m  SELECT  1 AS one FROM "users"  WHERE "users"."email" = 'asd@asd.com' LIMIT 1
Binary data inserted for `string` type on column `encrypted_password`
  [1m[36mSQL (0.3ms)[0m  [1mINSERT INTO "users" ("created_at", "email", "encrypted_password", "name", "updated_at") VALUES (?, ?, ?, ?, ?)[0m  [["created_at", "2014-08-27 14:06:06.453014"], ["email", "asd@asd.com"], ["encrypted_password", "$2a$10$1F7B3yHOlK89R4cB.7xXdOznfMIibDbjZsB6Rk1aIui205sdnsuve"], ["name", "asd"], ["updated_at", "2014-08-27 14:06:06.453014"]]
  [1m[35m (151.5ms)[0m  commit transaction
  [1m[36m (0.1ms)[0m  [1mbegin transaction[0m
Binary data inserted for `string` type on column `current_sign_in_ip`
Binary data inserted for `string` type on column `last_sign_in_ip`
  [1m[35mSQL (0.3ms)[0m  UPDATE "users" SET "current_sign_in_at" = ?, "current_sign_in_ip" = ?, "last_sign_in_at" = ?, "last_sign_in_ip" = ?, "sign_in_count" = ?, "updated_at" = ? WHERE "users"."id" = 2  [["current_sign_in_at", "2014-08-27 14:06:06.609592"], ["current_sign_in_ip", "127.0.0.1"], ["last_sign_in_at", "2014-08-27 14:06:06.609592"], ["last_sign_in_ip", "127.0.0.1"], ["sign_in_count", 1], ["updated_at", "2014-08-27 14:06:06.611660"]]
  [1m[36m (119.7ms)[0m  [1mcommit transaction[0m
Redirected to http://0.0.0.0:3000/users
Completed 302 Found in 416ms (ActiveRecord: 272.3ms)


Started GET "/users" for 127.0.0.1 at 2014-08-27 17:06:06 +0300
Processing by UsersController#index as HTML
  [1m[35mUser Load (0.3ms)[0m  SELECT  "users".* FROM "users"  WHERE "users"."id" = 2  ORDER BY "users"."id" ASC LIMIT 1
  [1m[36mUser Load (0.2ms)[0m  [1mSELECT "users".* FROM "users"[0m
  Rendered users/_user.html.erb (0.9ms)
  Rendered users/_user.html.erb (0.3ms)
  Rendered users/index.html.erb within layouts/application (3.8ms)
  Rendered layouts/_navigation_links.html.erb (0.3ms)
  Rendered layouts/_navigation.html.erb (1.1ms)
  Rendered layouts/_messages.html.erb (0.1ms)
Completed 200 OK in 22ms (Views: 19.9ms | ActiveRecord: 0.4ms)


Started GET "/users/1" for 127.0.0.1 at 2014-08-27 17:06:17 +0300
Processing by UsersController#show as HTML
  Parameters: {"id"=>"1"}
  [1m[35mUser Load (0.3ms)[0m  SELECT  "users".* FROM "users"  WHERE "users"."id" = 2  ORDER BY "users"."id" ASC LIMIT 1
  [1m[36mUser Load (0.3ms)[0m  [1mSELECT  "users".* FROM "users"  WHERE "users"."id" = ? LIMIT 1[0m  [["id", 1]]
Redirected to http://0.0.0.0:3000/users
Completed 302 Found in 4ms (ActiveRecord: 0.6ms)


Started GET "/users" for 127.0.0.1 at 2014-08-27 17:06:17 +0300
Processing by UsersController#index as HTML
  [1m[35mUser Load (0.4ms)[0m  SELECT  "users".* FROM "users"  WHERE "users"."id" = 2  ORDER BY "users"."id" ASC LIMIT 1
  [1m[36mUser Load (0.3ms)[0m  [1mSELECT "users".* FROM "users"[0m
  Rendered users/_user.html.erb (0.9ms)
  Rendered users/_user.html.erb (0.3ms)
  Rendered users/index.html.erb within layouts/application (4.6ms)
  Rendered layouts/_navigation_links.html.erb (0.4ms)
  Rendered layouts/_navigation.html.erb (1.1ms)
  Rendered layouts/_messages.html.erb (0.2ms)
Completed 200 OK in 23ms (Views: 20.8ms | ActiveRecord: 0.6ms)


Started GET "/users/1" for 127.0.0.1 at 2014-08-27 17:06:18 +0300
Processing by UsersController#show as HTML
  Parameters: {"id"=>"1"}
  [1m[35mUser Load (0.3ms)[0m  SELECT  "users".* FROM "users"  WHERE "users"."id" = 2  ORDER BY "users"."id" ASC LIMIT 1
  [1m[36mUser Load (0.1ms)[0m  [1mSELECT  "users".* FROM "users"  WHERE "users"."id" = ? LIMIT 1[0m  [["id", 1]]
Redirected to http://0.0.0.0:3000/users
Completed 302 Found in 3ms (ActiveRecord: 0.3ms)


Started GET "/users" for 127.0.0.1 at 2014-08-27 17:06:18 +0300
Processing by UsersController#index as HTML
  [1m[35mUser Load (0.2ms)[0m  SELECT  "users".* FROM "users"  WHERE "users"."id" = 2  ORDER BY "users"."id" ASC LIMIT 1
  [1m[36mUser Load (0.2ms)[0m  [1mSELECT "users".* FROM "users"[0m
  Rendered users/_user.html.erb (0.5ms)
  Rendered users/_user.html.erb (0.3ms)
  Rendered users/index.html.erb within layouts/application (2.8ms)
  Rendered layouts/_navigation_links.html.erb (0.3ms)
  Rendered layouts/_navigation.html.erb (1.1ms)
  Rendered layouts/_messages.html.erb (0.1ms)
Completed 200 OK in 20ms (Views: 18.2ms | ActiveRecord: 0.5ms)


Started GET "/users/1" for 127.0.0.1 at 2014-08-27 17:06:19 +0300
Processing by UsersController#show as HTML
  Parameters: {"id"=>"1"}
  [1m[35mUser Load (0.2ms)[0m  SELECT  "users".* FROM "users"  WHERE "users"."id" = 2  ORDER BY "users"."id" ASC LIMIT 1
  [1m[36mUser Load (0.1ms)[0m  [1mSELECT  "users".* FROM "users"  WHERE "users"."id" = ? LIMIT 1[0m  [["id", 1]]
Redirected to http://0.0.0.0:3000/users
Completed 302 Found in 2ms (ActiveRecord: 0.3ms)


Started GET "/users" for 127.0.0.1 at 2014-08-27 17:06:19 +0300
Processing by UsersController#index as HTML
  [1m[35mUser Load (0.3ms)[0m  SELECT  "users".* FROM "users"  WHERE "users"."id" = 2  ORDER BY "users"."id" ASC LIMIT 1
  [1m[36mUser Load (0.2ms)[0m  [1mSELECT "users".* FROM "users"[0m
  Rendered users/_user.html.erb (0.5ms)
  Rendered users/_user.html.erb (0.3ms)
  Rendered users/index.html.erb within layouts/application (3.1ms)
  Rendered layouts/_navigation_links.html.erb (0.4ms)
  Rendered layouts/_navigation.html.erb (1.1ms)
  Rendered layouts/_messages.html.erb (0.1ms)
Completed 200 OK in 21ms (Views: 18.9ms | ActiveRecord: 0.5ms)


Started GET "/users/1" for 127.0.0.1 at 2014-08-27 17:06:19 +0300
Processing by UsersController#show as HTML
  Parameters: {"id"=>"1"}
  [1m[35mUser Load (0.3ms)[0m  SELECT  "users".* FROM "users"  WHERE "users"."id" = 2  ORDER BY "users"."id" ASC LIMIT 1
  [1m[36mUser Load (0.1ms)[0m  [1mSELECT  "users".* FROM "users"  WHERE "users"."id" = ? LIMIT 1[0m  [["id", 1]]
Redirected to http://0.0.0.0:3000/users
Completed 302 Found in 2ms (ActiveRecord: 0.4ms)


Started GET "/users" for 127.0.0.1 at 2014-08-27 17:06:19 +0300
Processing by UsersController#index as HTML
  [1m[35mUser Load (0.3ms)[0m  SELECT  "users".* FROM "users"  WHERE "users"."id" = 2  ORDER BY "users"."id" ASC LIMIT 1
  [1m[36mUser Load (0.2ms)[0m  [1mSELECT "users".* FROM "users"[0m
  Rendered users/_user.html.erb (0.6ms)
  Rendered users/_user.html.erb (0.3ms)
  Rendered users/index.html.erb within layouts/application (3.2ms)
  Rendered layouts/_navigation_links.html.erb (0.3ms)
  Rendered layouts/_navigation.html.erb (1.1ms)
  Rendered layouts/_messages.html.erb (0.1ms)
Completed 200 OK in 24ms (Views: 22.0ms | ActiveRecord: 0.5ms)


Started GET "/users/edit" for 127.0.0.1 at 2014-08-27 17:06:22 +0300
Processing by Devise::RegistrationsController#edit as HTML
  [1m[35mUser Load (0.3ms)[0m  SELECT  "users".* FROM "users"  WHERE "users"."id" = 2  ORDER BY "users"."id" ASC LIMIT 1
  Rendered devise/registrations/edit.html.erb within layouts/application (5.1ms)
  Rendered layouts/_navigation_links.html.erb (0.3ms)
  Rendered layouts/_navigation.html.erb (1.2ms)
  Rendered layouts/_messages.html.erb (0.1ms)
Completed 200 OK in 26ms (Views: 23.8ms | ActiveRecord: 0.3ms)


Started DELETE "/users" for 127.0.0.1 at 2014-08-27 17:06:28 +0300
Processing by Devise::RegistrationsController#destroy as HTML
  Parameters: {"authenticity_token"=>"sLRuUak8NNcf6y+DVHgAL3Giilv/N9Puf7BTl6SH8ag="}
  [1m[36mUser Load (0.2ms)[0m  [1mSELECT  "users".* FROM "users"  WHERE "users"."id" = 2  ORDER BY "users"."id" ASC LIMIT 1[0m
  [1m[35m (0.1ms)[0m  begin transaction
  [1m[36mSQL (0.2ms)[0m  [1mDELETE FROM "users" WHERE "users"."id" = ?[0m  [["id", 2]]
  [1m[35m (115.0ms)[0m  commit transaction
Redirected to http://0.0.0.0:3000/
Completed 302 Found in 122ms (ActiveRecord: 115.5ms)


Started GET "/" for 127.0.0.1 at 2014-08-27 17:06:28 +0300
Processing by VisitorsController#index as HTML
  [1m[36m (0.2ms)[0m  [1mSELECT COUNT(*) FROM "users"[0m
  Rendered visitors/index.html.erb within layouts/application (1.1ms)
  Rendered layouts/_navigation_links.html.erb (0.5ms)
  Rendered layouts/_navigation.html.erb (1.2ms)
  Rendered layouts/_messages.html.erb (0.1ms)
Completed 200 OK in 22ms (Views: 21.0ms | ActiveRecord: 0.2ms)


Started GET "/users/sign_in" for 127.0.0.1 at 2014-08-27 17:06:30 +0300
Processing by Devise::SessionsController#new as HTML
  Rendered devise/sessions/new.html.erb within layouts/application (4.1ms)
  Rendered layouts/_navigation_links.html.erb (0.4ms)
  Rendered layouts/_navigation.html.erb (1.1ms)
  Rendered layouts/_messages.html.erb (0.1ms)
Completed 200 OK in 27ms (Views: 25.9ms | ActiveRecord: 0.0ms)


Started POST "/users/sign_in" for 127.0.0.1 at 2014-08-27 17:07:45 +0300
Processing by Devise::SessionsController#create as HTML
  Parameters: {"utf8"=>"✓", "authenticity_token"=>"jePszOivxOS2iWtIVJGzWvi4JBHp9VqFJe1FCaokJjg=", "user"=>{"email"=>"user@example.com", "password"=>"[FILTERED]", "remember_me"=>"1"}, "commit"=>"Sign in"}
  [1m[35mUser Load (0.3ms)[0m  SELECT  "users".* FROM "users"  WHERE "users"."email" = 'user@example.com'  ORDER BY "users"."id" ASC LIMIT 1
  [1m[36m (0.1ms)[0m  [1mbegin transaction[0m
  [1m[35mSQL (0.2ms)[0m  UPDATE "users" SET "remember_created_at" = ?, "updated_at" = ? WHERE "users"."id" = 1  [["remember_created_at", "2014-08-27 14:07:45.640877"], ["updated_at", "2014-08-27 14:07:45.641319"]]
  [1m[36m (162.5ms)[0m  [1mcommit transaction[0m
  [1m[35m (0.1ms)[0m  begin transaction
Binary data inserted for `string` type on column `current_sign_in_ip`
Binary data inserted for `string` type on column `last_sign_in_ip`
  [1m[36mSQL (0.3ms)[0m  [1mUPDATE "users" SET "current_sign_in_at" = ?, "current_sign_in_ip" = ?, "last_sign_in_at" = ?, "last_sign_in_ip" = ?, "sign_in_count" = ?, "updated_at" = ? WHERE "users"."id" = 1[0m  [["current_sign_in_at", "2014-08-27 14:07:45.825991"], ["current_sign_in_ip", "127.0.0.1"], ["last_sign_in_at", "2014-08-27 14:07:45.825991"], ["last_sign_in_ip", "127.0.0.1"], ["sign_in_count", 1], ["updated_at", "2014-08-27 14:07:45.826701"]]
  [1m[35m (136.6ms)[0m  commit transaction
Redirected to http://0.0.0.0:3000/
Completed 302 Found in 430ms (ActiveRecord: 300.1ms)


Started GET "/" for 127.0.0.1 at 2014-08-27 17:07:46 +0300
Processing by VisitorsController#index as HTML
  [1m[36m (0.1ms)[0m  [1mSELECT COUNT(*) FROM "users"[0m
  Rendered visitors/index.html.erb within layouts/application (0.9ms)
  [1m[35mUser Load (0.3ms)[0m  SELECT  "users".* FROM "users"  WHERE "users"."id" = 1  ORDER BY "users"."id" ASC LIMIT 1
  Rendered layouts/_navigation_links.html.erb (1.8ms)
  Rendered layouts/_navigation.html.erb (2.9ms)
  Rendered layouts/_messages.html.erb (0.2ms)
Completed 200 OK in 20ms (Views: 18.5ms | ActiveRecord: 0.4ms)


Started GET "/users/edit" for 127.0.0.1 at 2014-08-27 17:07:48 +0300
Processing by Devise::RegistrationsController#edit as HTML
  [1m[36mUser Load (0.2ms)[0m  [1mSELECT  "users".* FROM "users"  WHERE "users"."id" = 1  ORDER BY "users"."id" ASC LIMIT 1[0m
  Rendered devise/registrations/edit.html.erb within layouts/application (4.4ms)
  Rendered layouts/_navigation_links.html.erb (0.3ms)
  Rendered layouts/_navigation.html.erb (1.1ms)
  Rendered layouts/_messages.html.erb (0.1ms)
Completed 200 OK in 24ms (Views: 22.5ms | ActiveRecord: 0.2ms)


Started GET "/users" for 127.0.0.1 at 2014-08-27 17:07:49 +0300
Processing by UsersController#index as HTML
  [1m[35mUser Load (0.3ms)[0m  SELECT  "users".* FROM "users"  WHERE "users"."id" = 1  ORDER BY "users"."id" ASC LIMIT 1
  [1m[36mUser Load (0.3ms)[0m  [1mSELECT "users".* FROM "users"[0m
  Rendered users/_user.html.erb (0.6ms)
  Rendered users/index.html.erb within layouts/application (2.0ms)
  Rendered layouts/_navigation_links.html.erb (0.3ms)
  Rendered layouts/_navigation.html.erb (1.1ms)
  Rendered layouts/_messages.html.erb (0.1ms)
Completed 200 OK in 21ms (Views: 18.7ms | ActiveRecord: 0.6ms)


Started GET "/users/1" for 127.0.0.1 at 2014-08-27 17:07:50 +0300
Processing by UsersController#show as HTML
  Parameters: {"id"=>"1"}
  [1m[35mUser Load (0.3ms)[0m  SELECT  "users".* FROM "users"  WHERE "users"."id" = 1  ORDER BY "users"."id" ASC LIMIT 1
  [1m[36mUser Load (0.1ms)[0m  [1mSELECT  "users".* FROM "users"  WHERE "users"."id" = ? LIMIT 1[0m  [["id", 1]]
  Rendered users/show.html.erb within layouts/application (0.5ms)
  Rendered layouts/_navigation_links.html.erb (0.3ms)
  Rendered layouts/_navigation.html.erb (1.1ms)
  Rendered layouts/_messages.html.erb (0.1ms)
Completed 200 OK in 21ms (Views: 18.2ms | ActiveRecord: 0.4ms)


Started GET "/users" for 127.0.0.1 at 2014-08-27 17:07:51 +0300
Processing by UsersController#index as HTML
  [1m[35mUser Load (0.3ms)[0m  SELECT  "users".* FROM "users"  WHERE "users"."id" = 1  ORDER BY "users"."id" ASC LIMIT 1
  [1m[36mUser Load (0.3ms)[0m  [1mSELECT "users".* FROM "users"[0m
  Rendered users/_user.html.erb (0.8ms)
  Rendered users/index.html.erb within layouts/application (2.6ms)
  Rendered layouts/_navigation_links.html.erb (0.3ms)
  Rendered layouts/_navigation.html.erb (1.1ms)
  Rendered layouts/_messages.html.erb (0.1ms)
Completed 200 OK in 22ms (Views: 19.8ms | ActiveRecord: 0.6ms)


Started GET "/users/1" for 127.0.0.1 at 2014-08-27 17:07:55 +0300
Processing by UsersController#show as HTML
  Parameters: {"id"=>"1"}
  [1m[35mUser Load (0.3ms)[0m  SELECT  "users".* FROM "users"  WHERE "users"."id" = 1  ORDER BY "users"."id" ASC LIMIT 1
  [1m[36mUser Load (0.1ms)[0m  [1mSELECT  "users".* FROM "users"  WHERE "users"."id" = ? LIMIT 1[0m  [["id", 1]]
  Rendered users/show.html.erb within layouts/application (0.1ms)
  Rendered layouts/_navigation_links.html.erb (0.3ms)
  Rendered layouts/_navigation.html.erb (1.5ms)
  Rendered layouts/_messages.html.erb (0.1ms)
Completed 200 OK in 24ms (Views: 21.2ms | ActiveRecord: 0.5ms)


Started GET "/users/edit" for 127.0.0.1 at 2014-08-27 17:07:56 +0300
Processing by Devise::RegistrationsController#edit as HTML
  [1m[35mUser Load (0.3ms)[0m  SELECT  "users".* FROM "users"  WHERE "users"."id" = 1  ORDER BY "users"."id" ASC LIMIT 1
  Rendered devise/registrations/edit.html.erb within layouts/application (4.2ms)
  Rendered layouts/_navigation_links.html.erb (0.4ms)
  Rendered layouts/_navigation.html.erb (1.3ms)
  Rendered layouts/_messages.html.erb (0.1ms)
Completed 200 OK in 24ms (Views: 21.7ms | ActiveRecord: 0.3ms)


Started PUT "/users" for 127.0.0.1 at 2014-08-27 17:08:16 +0300
Processing by Devise::RegistrationsController#update as HTML
  Parameters: {"utf8"=>"✓", "authenticity_token"=>"jN7hmxZS1GugTOpQm8+LkS8qP4PVYS+VOfQIoS63s4Q=", "user"=>{"name"=>"Oğuz Yüksek", "email"=>"user@example.com", "password"=>"[FILTERED]", "password_confirmation"=>"[FILTERED]", "current_password"=>"[FILTERED]"}, "commit"=>"Update"}
  [1m[36mUser Load (0.5ms)[0m  [1mSELECT  "users".* FROM "users"  WHERE "users"."id" = 1  ORDER BY "users"."id" ASC LIMIT 1[0m
  [1m[35mUser Load (0.2ms)[0m  SELECT  "users".* FROM "users"  WHERE "users"."id" = ? LIMIT 1  [["id", 1]]
  [1m[36m (0.1ms)[0m  [1mbegin transaction[0m
Binary data inserted for `string` type on column `encrypted_password`
  [1m[35mSQL (0.3ms)[0m  UPDATE "users" SET "encrypted_password" = ?, "name" = ?, "updated_at" = ? WHERE "users"."id" = 1  [["encrypted_password", "$2a$10$Mb.bRx3.orqMjqhegvgxle4aNJ3g9J808FeJ2P7VzcnhgWNgV9WNq"], ["name", "Oğuz Yüksek"], ["updated_at", "2014-08-27 14:08:16.837088"]]
  [1m[36m (133.7ms)[0m  [1mcommit transaction[0m
Redirected to http://0.0.0.0:3000/
Completed 302 Found in 330ms (ActiveRecord: 134.8ms)


Started GET "/" for 127.0.0.1 at 2014-08-27 17:08:17 +0300
Processing by VisitorsController#index as HTML
  [1m[35m (0.1ms)[0m  SELECT COUNT(*) FROM "users"
  Rendered visitors/index.html.erb within layouts/application (0.9ms)
  [1m[36mUser Load (0.2ms)[0m  [1mSELECT  "users".* FROM "users"  WHERE "users"."id" = 1  ORDER BY "users"."id" ASC LIMIT 1[0m
  Rendered layouts/_navigation_links.html.erb (1.2ms)
  Rendered layouts/_navigation.html.erb (2.1ms)
  Rendered layouts/_messages.html.erb (0.1ms)
Completed 200 OK in 19ms (Views: 17.9ms | ActiveRecord: 0.3ms)


Started GET "/users" for 127.0.0.1 at 2014-08-27 17:08:19 +0300
Processing by UsersController#index as HTML
  [1m[35mUser Load (0.3ms)[0m  SELECT  "users".* FROM "users"  WHERE "users"."id" = 1  ORDER BY "users"."id" ASC LIMIT 1
  [1m[36mUser Load (0.2ms)[0m  [1mSELECT "users".* FROM "users"[0m
  Rendered users/_user.html.erb (0.4ms)
  Rendered users/index.html.erb within layouts/application (1.6ms)
  Rendered layouts/_navigation_links.html.erb (0.3ms)
  Rendered layouts/_navigation.html.erb (1.1ms)
  Rendered layouts/_messages.html.erb (0.1ms)
Completed 200 OK in 21ms (Views: 18.3ms | ActiveRecord: 0.5ms)


Started DELETE "/users/sign_out" for 127.0.0.1 at 2014-08-27 17:08:22 +0300
Processing by Devise::SessionsController#destroy as HTML
  Parameters: {"authenticity_token"=>"jN7hmxZS1GugTOpQm8+LkS8qP4PVYS+VOfQIoS63s4Q="}
  [1m[35mUser Load (0.3ms)[0m  SELECT  "users".* FROM "users"  WHERE "users"."id" = 1  ORDER BY "users"."id" ASC LIMIT 1
  [1m[36m (0.1ms)[0m  [1mbegin transaction[0m
  [1m[35mSQL (0.2ms)[0m  UPDATE "users" SET "remember_created_at" = ?, "updated_at" = ? WHERE "users"."id" = 1  [["remember_created_at", nil], ["updated_at", "2014-08-27 14:08:22.907115"]]
  [1m[36m (141.2ms)[0m  [1mcommit transaction[0m
Redirected to http://0.0.0.0:3000/
Completed 302 Found in 146ms (ActiveRecord: 141.8ms)


Started GET "/" for 127.0.0.1 at 2014-08-27 17:08:23 +0300
Processing by VisitorsController#index as HTML
  [1m[35m (0.2ms)[0m  SELECT COUNT(*) FROM "users"
  Rendered visitors/index.html.erb within layouts/application (1.3ms)
  Rendered layouts/_navigation_links.html.erb (0.5ms)
  Rendered layouts/_navigation.html.erb (1.1ms)
  Rendered layouts/_messages.html.erb (0.1ms)
Completed 200 OK in 19ms (Views: 18.1ms | ActiveRecord: 0.2ms)


Started GET "/users/sign_in" for 127.0.0.1 at 2014-08-27 17:08:24 +0300
Processing by Devise::SessionsController#new as HTML
  Rendered devise/sessions/new.html.erb within layouts/application (2.8ms)
  Rendered layouts/_navigation_links.html.erb (0.4ms)
  Rendered layouts/_navigation.html.erb (1.1ms)
  Rendered layouts/_messages.html.erb (0.1ms)
Completed 200 OK in 21ms (Views: 19.5ms | ActiveRecord: 0.0ms)


Started GET "/users/sign_up" for 127.0.0.1 at 2014-08-27 17:08:24 +0300
Processing by Devise::RegistrationsController#new as HTML
  Rendered devise/registrations/new.html.erb within layouts/application (3.0ms)
  Rendered layouts/_navigation_links.html.erb (0.4ms)
  Rendered layouts/_navigation.html.erb (1.1ms)
  Rendered layouts/_messages.html.erb (0.1ms)
Completed 200 OK in 23ms (Views: 21.3ms | ActiveRecord: 0.0ms)


Started POST "/users" for 127.0.0.1 at 2014-08-27 17:18:31 +0300
Processing by Devise::RegistrationsController#create as HTML
  Parameters: {"utf8"=>"✓", "authenticity_token"=>"fjlHwc75o8pqSBPXHQQJrp+iCs1tQuAUNK4HYdYTAfg=", "user"=>{"name"=>"Yağız Yüksek", "email"=>"yagiz@yagiz.com", "password"=>"[FILTERED]", "password_confirmation"=>"[FILTERED]"}, "commit"=>"Sign up"}
  [1m[36m (0.1ms)[0m  [1mbegin transaction[0m
  [1m[35mUser Exists (0.1ms)[0m  SELECT  1 AS one FROM "users"  WHERE "users"."email" = 'yagiz@yagiz.com' LIMIT 1
Binary data inserted for `string` type on column `encrypted_password`
  [1m[36mSQL (0.2ms)[0m  [1mINSERT INTO "users" ("created_at", "email", "encrypted_password", "name", "updated_at") VALUES (?, ?, ?, ?, ?)[0m  [["created_at", "2014-08-27 14:18:31.161977"], ["email", "yagiz@yagiz.com"], ["encrypted_password", "$2a$10$KAUseoIwXEdI3F3LPB3eZuEY2zabGko.z2VBpzxUnVLS4LtB2vWPW"], ["name", "Yağız Yüksek"], ["updated_at", "2014-08-27 14:18:31.161977"]]
  [1m[35m (117.2ms)[0m  commit transaction
  [1m[36m (0.1ms)[0m  [1mbegin transaction[0m
Binary data inserted for `string` type on column `current_sign_in_ip`
Binary data inserted for `string` type on column `last_sign_in_ip`
  [1m[35mSQL (0.3ms)[0m  UPDATE "users" SET "current_sign_in_at" = ?, "current_sign_in_ip" = ?, "last_sign_in_at" = ?, "last_sign_in_ip" = ?, "sign_in_count" = ?, "updated_at" = ? WHERE "users"."id" = 3  [["current_sign_in_at", "2014-08-27 14:18:31.281165"], ["current_sign_in_ip", "127.0.0.1"], ["last_sign_in_at", "2014-08-27 14:18:31.281165"], ["last_sign_in_ip", "127.0.0.1"], ["sign_in_count", 1], ["updated_at", "2014-08-27 14:18:31.281826"]]
  [1m[36m (114.9ms)[0m  [1mcommit transaction[0m
Redirected to http://0.0.0.0:3000/
Completed 302 Found in 338ms (ActiveRecord: 232.9ms)


Started GET "/" for 127.0.0.1 at 2014-08-27 17:18:31 +0300
Processing by VisitorsController#index as HTML
  [1m[35m (0.2ms)[0m  SELECT COUNT(*) FROM "users"
  Rendered visitors/index.html.erb within layouts/application (0.9ms)
  [1m[36mUser Load (0.2ms)[0m  [1mSELECT  "users".* FROM "users"  WHERE "users"."id" = 3  ORDER BY "users"."id" ASC LIMIT 1[0m
  Rendered layouts/_navigation_links.html.erb (1.1ms)
  Rendered layouts/_navigation.html.erb (1.9ms)
  Rendered layouts/_messages.html.erb (0.1ms)
Completed 200 OK in 18ms (Views: 17.0ms | ActiveRecord: 0.4ms)


Started GET "/users" for 127.0.0.1 at 2014-08-27 17:18:35 +0300
Processing by UsersController#index as HTML
  [1m[35mUser Load (0.2ms)[0m  SELECT  "users".* FROM "users"  WHERE "users"."id" = 3  ORDER BY "users"."id" ASC LIMIT 1
  [1m[36mUser Load (0.2ms)[0m  [1mSELECT "users".* FROM "users"[0m
  Rendered users/_user.html.erb (0.5ms)
  Rendered users/_user.html.erb (0.3ms)
  Rendered users/index.html.erb within layouts/application (2.7ms)
  Rendered layouts/_navigation_links.html.erb (0.3ms)
  Rendered layouts/_navigation.html.erb (1.0ms)
  Rendered layouts/_messages.html.erb (0.1ms)
Completed 200 OK in 20ms (Views: 18.2ms | ActiveRecord: 0.4ms)


Started GET "/users/1" for 127.0.0.1 at 2014-08-27 17:18:38 +0300
Processing by UsersController#show as HTML
  Parameters: {"id"=>"1"}
  [1m[35mUser Load (0.3ms)[0m  SELECT  "users".* FROM "users"  WHERE "users"."id" = 3  ORDER BY "users"."id" ASC LIMIT 1
  [1m[36mUser Load (0.1ms)[0m  [1mSELECT  "users".* FROM "users"  WHERE "users"."id" = ? LIMIT 1[0m  [["id", 1]]
Redirected to http://0.0.0.0:3000/users
Completed 302 Found in 4ms (ActiveRecord: 0.4ms)


Started GET "/users" for 127.0.0.1 at 2014-08-27 17:18:38 +0300
Processing by UsersController#index as HTML
  [1m[35mUser Load (0.2ms)[0m  SELECT  "users".* FROM "users"  WHERE "users"."id" = 3  ORDER BY "users"."id" ASC LIMIT 1
  [1m[36mUser Load (0.3ms)[0m  [1mSELECT "users".* FROM "users"[0m
  Rendered users/_user.html.erb (0.5ms)
  Rendered users/_user.html.erb (0.3ms)
  Rendered users/index.html.erb within layouts/application (2.9ms)
  Rendered layouts/_navigation_links.html.erb (0.3ms)
  Rendered layouts/_navigation.html.erb (1.1ms)
  Rendered layouts/_messages.html.erb (0.1ms)
Completed 200 OK in 21ms (Views: 18.7ms | ActiveRecord: 0.5ms)


Started GET "/users/3" for 127.0.0.1 at 2014-08-27 17:18:39 +0300
Processing by UsersController#show as HTML
  Parameters: {"id"=>"3"}
  [1m[35mUser Load (0.3ms)[0m  SELECT  "users".* FROM "users"  WHERE "users"."id" = 3  ORDER BY "users"."id" ASC LIMIT 1
  [1m[36mUser Load (0.1ms)[0m  [1mSELECT  "users".* FROM "users"  WHERE "users"."id" = ? LIMIT 1[0m  [["id", 3]]
  Rendered users/show.html.erb within layouts/application (0.1ms)
  Rendered layouts/_navigation_links.html.erb (0.4ms)
  Rendered layouts/_navigation.html.erb (1.2ms)
  Rendered layouts/_messages.html.erb (0.1ms)
Completed 200 OK in 23ms (Views: 20.4ms | ActiveRecord: 0.5ms)


Started GET "/users/edit" for 127.0.0.1 at 2014-08-27 17:18:42 +0300
Processing by Devise::RegistrationsController#edit as HTML
  [1m[35mUser Load (0.4ms)[0m  SELECT  "users".* FROM "users"  WHERE "users"."id" = 3  ORDER BY "users"."id" ASC LIMIT 1
  Rendered devise/registrations/edit.html.erb within layouts/application (5.7ms)
  Rendered layouts/_navigation_links.html.erb (0.3ms)
  Rendered layouts/_navigation.html.erb (1.1ms)
  Rendered layouts/_messages.html.erb (0.1ms)
Completed 200 OK in 30ms (Views: 27.8ms | ActiveRecord: 0.4ms)


Started GET "/users/edit" for 127.0.0.1 at 2014-08-27 17:19:03 +0300
Processing by Devise::RegistrationsController#edit as HTML
  [1m[36mUser Load (0.3ms)[0m  [1mSELECT  "users".* FROM "users"  WHERE "users"."id" = 3  ORDER BY "users"."id" ASC LIMIT 1[0m
  Rendered devise/registrations/edit.html.erb within layouts/application (5.4ms)
  Rendered layouts/_navigation_links.html.erb (0.3ms)
  Rendered layouts/_navigation.html.erb (1.1ms)
  Rendered layouts/_messages.html.erb (0.1ms)
Completed 200 OK in 26ms (Views: 24.5ms | ActiveRecord: 0.3ms)


Started GET "/" for 127.0.0.1 at 2014-08-27 17:19:03 +0300
Processing by VisitorsController#index as HTML
  [1m[35m (0.1ms)[0m  SELECT COUNT(*) FROM "users"
  Rendered visitors/index.html.erb within layouts/application (0.9ms)
  [1m[36mUser Load (0.2ms)[0m  [1mSELECT  "users".* FROM "users"  WHERE "users"."id" = 3  ORDER BY "users"."id" ASC LIMIT 1[0m
  Rendered layouts/_navigation_links.html.erb (1.2ms)
  Rendered layouts/_navigation.html.erb (2.0ms)
  Rendered layouts/_messages.html.erb (0.1ms)
Completed 200 OK in 21ms (Views: 19.5ms | ActiveRecord: 0.4ms)


Started GET "/" for 127.0.0.1 at 2014-08-27 17:23:03 +0300
Processing by VisitorsController#index as HTML
  Rendered visitors/index.html.erb within layouts/application (0.6ms)
  [1m[35mUser Load (0.3ms)[0m  SELECT  "users".* FROM "users"  WHERE "users"."id" = 3  ORDER BY "users"."id" ASC LIMIT 1
  Rendered layouts/_navigation_links.html.erb (1.4ms)
  Rendered layouts/_navigation.html.erb (2.2ms)
  Rendered layouts/_messages.html.erb (0.1ms)
Completed 200 OK in 20ms (Views: 18.8ms | ActiveRecord: 0.3ms)


Started GET "/users/edit" for 127.0.0.1 at 2014-08-27 17:23:05 +0300
Processing by Devise::RegistrationsController#edit as HTML
  [1m[36mUser Load (0.3ms)[0m  [1mSELECT  "users".* FROM "users"  WHERE "users"."id" = 3  ORDER BY "users"."id" ASC LIMIT 1[0m
  Rendered devise/registrations/edit.html.erb within layouts/application (3.4ms)
  Rendered layouts/_navigation_links.html.erb (0.3ms)
  Rendered layouts/_navigation.html.erb (1.1ms)
  Rendered layouts/_messages.html.erb (0.1ms)
Completed 200 OK in 21ms (Views: 19.1ms | ActiveRecord: 0.3ms)


Started DELETE "/users/sign_out" for 127.0.0.1 at 2014-08-27 17:23:06 +0300
Processing by Devise::SessionsController#destroy as HTML
  Parameters: {"authenticity_token"=>"fjlHwc75o8pqSBPXHQQJrp+iCs1tQuAUNK4HYdYTAfg="}
  [1m[35mUser Load (0.3ms)[0m  SELECT  "users".* FROM "users"  WHERE "users"."id" = 3  ORDER BY "users"."id" ASC LIMIT 1
  [1m[36m (0.1ms)[0m  [1mbegin transaction[0m
  [1m[35m (0.1ms)[0m  commit transaction
Redirected to http://0.0.0.0:3000/
Completed 302 Found in 3ms (ActiveRecord: 0.4ms)


Started GET "/" for 127.0.0.1 at 2014-08-27 17:23:06 +0300
Processing by VisitorsController#index as HTML
  Rendered visitors/index.html.erb within layouts/application (0.1ms)
  Rendered layouts/_navigation_links.html.erb (0.5ms)
  Rendered layouts/_navigation.html.erb (1.2ms)
  Rendered layouts/_messages.html.erb (0.1ms)
Completed 200 OK in 18ms (Views: 17.1ms | ActiveRecord: 0.0ms)


Started GET "/users/sign_in" for 127.0.0.1 at 2014-08-27 17:23:09 +0300
Processing by Devise::SessionsController#new as HTML
  Rendered devise/sessions/new.html.erb within layouts/application (3.4ms)
  Rendered layouts/_navigation_links.html.erb (0.4ms)
  Rendered layouts/_navigation.html.erb (1.1ms)
  Rendered layouts/_messages.html.erb (0.1ms)
Completed 200 OK in 31ms (Views: 29.7ms | ActiveRecord: 0.0ms)


Started POST "/users/sign_in" for 127.0.0.1 at 2014-08-27 17:23:13 +0300
Processing by Devise::SessionsController#create as HTML
  Parameters: {"utf8"=>"✓", "authenticity_token"=>"0DcZZ4CQvyZKZHmSB3L3PBDHWbcv8R8g4x8GNhJ2BAI=", "user"=>{"email"=>"user@example.com", "password"=>"[FILTERED]", "remember_me"=>"1"}, "commit"=>"Sign in"}
  [1m[36mUser Load (0.3ms)[0m  [1mSELECT  "users".* FROM "users"  WHERE "users"."email" = 'user@example.com'  ORDER BY "users"."id" ASC LIMIT 1[0m
  [1m[35m (0.1ms)[0m  begin transaction
  [1m[36mSQL (0.2ms)[0m  [1mUPDATE "users" SET "remember_created_at" = ?, "updated_at" = ? WHERE "users"."id" = 1[0m  [["remember_created_at", "2014-08-27 14:23:14.015736"], ["updated_at", "2014-08-27 14:23:14.016163"]]
  [1m[35m (128.3ms)[0m  commit transaction
  [1m[36m (0.1ms)[0m  [1mbegin transaction[0m
  [1m[35mSQL (0.4ms)[0m  UPDATE "users" SET "current_sign_in_at" = ?, "sign_in_count" = ?, "updated_at" = ? WHERE "users"."id" = 1  [["current_sign_in_at", "2014-08-27 14:23:14.146050"], ["sign_in_count", 2], ["updated_at", "2014-08-27 14:23:14.146908"]]
  [1m[36m (106.6ms)[0m  [1mcommit transaction[0m
Redirected to http://0.0.0.0:3000/
Completed 302 Found in 342ms (ActiveRecord: 235.8ms)


Started GET "/" for 127.0.0.1 at 2014-08-27 17:23:14 +0300
Processing by VisitorsController#index as HTML
  Rendered visitors/index.html.erb within layouts/application (0.0ms)
  [1m[35mUser Load (0.2ms)[0m  SELECT  "users".* FROM "users"  WHERE "users"."id" = 1  ORDER BY "users"."id" ASC LIMIT 1
  Rendered layouts/_navigation_links.html.erb (1.2ms)
  Rendered layouts/_navigation.html.erb (1.9ms)
  Rendered layouts/_messages.html.erb (0.1ms)
Completed 200 OK in 17ms (Views: 15.5ms | ActiveRecord: 0.2ms)


Started DELETE "/users/sign_out" for 127.0.0.1 at 2014-08-27 17:23:15 +0300
Processing by Devise::SessionsController#destroy as HTML
  Parameters: {"authenticity_token"=>"ZWZVixwWUOyA5UL32ppbN/Y0Wf/qGLugAXdQiI9+wZQ="}
  [1m[36mUser Load (0.2ms)[0m  [1mSELECT  "users".* FROM "users"  WHERE "users"."id" = 1  ORDER BY "users"."id" ASC LIMIT 1[0m
  [1m[35m (0.1ms)[0m  begin transaction
  [1m[36mSQL (0.2ms)[0m  [1mUPDATE "users" SET "remember_created_at" = ?, "updated_at" = ? WHERE "users"."id" = 1[0m  [["remember_created_at", nil], ["updated_at", "2014-08-27 14:23:15.903063"]]
  [1m[35m (183.1ms)[0m  commit transaction
Redirected to http://0.0.0.0:3000/
Completed 302 Found in 187ms (ActiveRecord: 183.5ms)


Started GET "/" for 127.0.0.1 at 2014-08-27 17:23:16 +0300
Processing by VisitorsController#index as HTML
  Rendered visitors/index.html.erb within layouts/application (0.1ms)
  Rendered layouts/_navigation_links.html.erb (0.4ms)
  Rendered layouts/_navigation.html.erb (1.2ms)
  Rendered layouts/_messages.html.erb (0.1ms)
Completed 200 OK in 17ms (Views: 16.3ms | ActiveRecord: 0.0ms)


Started GET "/users/sign_in" for 127.0.0.1 at 2014-08-27 17:23:17 +0300
Processing by Devise::SessionsController#new as HTML
  Rendered devise/sessions/new.html.erb within layouts/application (4.1ms)
  Rendered layouts/_navigation_links.html.erb (0.4ms)
  Rendered layouts/_navigation.html.erb (1.1ms)
  Rendered layouts/_messages.html.erb (0.1ms)
Completed 200 OK in 27ms (Views: 25.8ms | ActiveRecord: 0.0ms)


Started POST "/users/sign_in" for 127.0.0.1 at 2014-08-27 17:23:20 +0300
Processing by Devise::SessionsController#create as HTML
  Parameters: {"utf8"=>"✓", "authenticity_token"=>"VSGss1/7OrBnJiEQE65HKrjt1SMuNaBV7PM/D3k+Lms=", "user"=>{"email"=>"user@example.com", "password"=>"[FILTERED]", "remember_me"=>"1"}, "commit"=>"Sign in"}
  [1m[36mUser Load (0.3ms)[0m  [1mSELECT  "users".* FROM "users"  WHERE "users"."email" = 'user@example.com'  ORDER BY "users"."id" ASC LIMIT 1[0m
  [1m[35m (0.1ms)[0m  begin transaction
  [1m[36mSQL (0.2ms)[0m  [1mUPDATE "users" SET "remember_created_at" = ?, "updated_at" = ? WHERE "users"."id" = 1[0m  [["remember_created_at", "2014-08-27 14:23:20.389417"], ["updated_at", "2014-08-27 14:23:20.389842"]]
  [1m[35m (169.2ms)[0m  commit transaction
  [1m[36m (0.1ms)[0m  [1mbegin transaction[0m
  [1m[35mSQL (0.3ms)[0m  UPDATE "users" SET "current_sign_in_at" = ?, "last_sign_in_at" = ?, "sign_in_count" = ?, "updated_at" = ? WHERE "users"."id" = 1  [["current_sign_in_at", "2014-08-27 14:23:20.560735"], ["last_sign_in_at", "2014-08-27 14:23:14.146050"], ["sign_in_count", 3], ["updated_at", "2014-08-27 14:23:20.561518"]]
  [1m[36m (106.9ms)[0m  [1mcommit transaction[0m
Redirected to http://0.0.0.0:3000/
Completed 302 Found in 384ms (ActiveRecord: 277.0ms)


Started GET "/" for 127.0.0.1 at 2014-08-27 17:23:20 +0300
Processing by VisitorsController#index as HTML
  Rendered visitors/index.html.erb within layouts/application (0.1ms)
  [1m[35mUser Load (0.2ms)[0m  SELECT  "users".* FROM "users"  WHERE "users"."id" = 1  ORDER BY "users"."id" ASC LIMIT 1
  Rendered layouts/_navigation_links.html.erb (1.4ms)
  Rendered layouts/_navigation.html.erb (2.2ms)
  Rendered layouts/_messages.html.erb (0.1ms)
Completed 200 OK in 17ms (Views: 16.6ms | ActiveRecord: 0.2ms)


Started GET "/users" for 127.0.0.1 at 2014-08-27 17:23:22 +0300
Processing by UsersController#index as HTML
  [1m[36mUser Load (0.2ms)[0m  [1mSELECT  "users".* FROM "users"  WHERE "users"."id" = 1  ORDER BY "users"."id" ASC LIMIT 1[0m
  [1m[35mUser Load (0.2ms)[0m  SELECT "users".* FROM "users"
  Rendered users/_user.html.erb (0.7ms)
  Rendered users/_user.html.erb (0.5ms)
  Rendered users/index.html.erb within layouts/application (3.8ms)
  Rendered layouts/_navigation_links.html.erb (0.3ms)
  Rendered layouts/_navigation.html.erb (1.1ms)
  Rendered layouts/_messages.html.erb (0.1ms)
Completed 200 OK in 27ms (Views: 25.0ms | ActiveRecord: 0.5ms)


Started GET "/users/3" for 127.0.0.1 at 2014-08-27 17:23:24 +0300
Processing by UsersController#show as HTML
  Parameters: {"id"=>"3"}
  [1m[36mUser Load (0.3ms)[0m  [1mSELECT  "users".* FROM "users"  WHERE "users"."id" = 1  ORDER BY "users"."id" ASC LIMIT 1[0m
  [1m[35mUser Load (0.1ms)[0m  SELECT  "users".* FROM "users"  WHERE "users"."id" = ? LIMIT 1  [["id", 3]]
Redirected to http://0.0.0.0:3000/users
Completed 302 Found in 4ms (ActiveRecord: 0.5ms)


Started GET "/users" for 127.0.0.1 at 2014-08-27 17:23:24 +0300
Processing by UsersController#index as HTML
  [1m[36mUser Load (0.2ms)[0m  [1mSELECT  "users".* FROM "users"  WHERE "users"."id" = 1  ORDER BY "users"."id" ASC LIMIT 1[0m
  [1m[35mUser Load (0.2ms)[0m  SELECT "users".* FROM "users"
  Rendered users/_user.html.erb (0.4ms)
  Rendered users/_user.html.erb (0.3ms)
  Rendered users/index.html.erb within layouts/application (2.7ms)
  Rendered layouts/_navigation_links.html.erb (0.3ms)
  Rendered layouts/_navigation.html.erb (1.1ms)
  Rendered layouts/_messages.html.erb (0.1ms)
Completed 200 OK in 20ms (Views: 18.8ms | ActiveRecord: 0.4ms)


Started GET "/users/3" for 127.0.0.1 at 2014-08-27 17:23:26 +0300
Processing by UsersController#show as HTML
  Parameters: {"id"=>"3"}
  [1m[36mUser Load (0.5ms)[0m  [1mSELECT  "users".* FROM "users"  WHERE "users"."id" = 1  ORDER BY "users"."id" ASC LIMIT 1[0m
  [1m[35mUser Load (0.1ms)[0m  SELECT  "users".* FROM "users"  WHERE "users"."id" = ? LIMIT 1  [["id", 3]]
Redirected to http://0.0.0.0:3000/users
Completed 302 Found in 5ms (ActiveRecord: 0.6ms)


Started GET "/users" for 127.0.0.1 at 2014-08-27 17:23:26 +0300
Processing by UsersController#index as HTML
  [1m[36mUser Load (0.2ms)[0m  [1mSELECT  "users".* FROM "users"  WHERE "users"."id" = 1  ORDER BY "users"."id" ASC LIMIT 1[0m
  [1m[35mUser Load (0.2ms)[0m  SELECT "users".* FROM "users"
  Rendered users/_user.html.erb (0.6ms)
  Rendered users/_user.html.erb (0.3ms)
  Rendered users/index.html.erb within layouts/application (2.9ms)
  Rendered layouts/_navigation_links.html.erb (0.3ms)
  Rendered layouts/_navigation.html.erb (1.3ms)
  Rendered layouts/_messages.html.erb (0.1ms)
Completed 200 OK in 20ms (Views: 18.9ms | ActiveRecord: 0.4ms)


Started GET "/" for 127.0.0.1 at 2014-08-27 17:23:36 +0300
Processing by VisitorsController#index as HTML
  Rendered visitors/index.html.erb within layouts/application (0.5ms)
  [1m[36mUser Load (0.2ms)[0m  [1mSELECT  "users".* FROM "users"  WHERE "users"."id" = 1  ORDER BY "users"."id" ASC LIMIT 1[0m
  Rendered layouts/_navigation_links.html.erb (1.3ms)
  Rendered layouts/_navigation.html.erb (2.3ms)
  Rendered layouts/_messages.html.erb (0.1ms)
Completed 200 OK in 26ms (Views: 24.6ms | ActiveRecord: 0.2ms)
